[ 426853]  ERROR - ameterUsages.FindUsagesManager - null 
com.intellij.openapi.project.IndexNotReadyException
	at com.intellij.util.indexing.FileBasedIndex.a(FileBasedIndex.java:771)
	at com.intellij.util.indexing.FileBasedIndex.ensureUpToDate(FileBasedIndex.java:720)
	at com.intellij.psi.stubs.StubIndexImpl.get(StubIndexImpl.java:174)
	at com.intellij.psi.stubs.AbstractStubIndex.get(AbstractStubIndex.java:34)
	at com.intellij.psi.impl.java.stubs.index.JavaAnnotationIndex.get(JavaAnnotationIndex.java:44)
	at com.intellij.psi.impl.search.AnnotatedElementsSearcher.execute(AnnotatedElementsSearcher.java:38)
	at com.intellij.psi.impl.search.AnnotatedElementsSearcher.execute(AnnotatedElementsSearcher.java:22)
	at com.intellij.util.ExecutorsQuery.processResults(ExecutorsQuery.java:42)
	at com.intellij.util.AbstractQuery.forEach(AbstractQuery.java:67)
	at com.intellij.util.InstanceofQuery.forEach(InstanceofQuery.java:54)
	at com.intellij.javaee.model.annotations.AnnotationModelUtil.findAnnotatedElements(AnnotationModelUtil.java:351)
	at com.intellij.jam.JamService.getJamClassElements(JamService.java:119)
	at com.intellij.jam.JamService.getJamClassElements(JamService.java:90)
	at com.intellij.spring.model.jam.SpringJamModel.getComponents(SpringJamModel.java:76)
	at com.intellij.spring.model.jam.SpringJamModel.getAllStereotypeComponents(SpringJamModel.java:44)
	at com.intellij.spring.model.jam.utils.SpringJamUtils.getAllStereotypeComponents(SpringJamUtils.java:395)
	at com.intellij.spring.model.jam.utils.SpringJamUtils.getComponentScannedBeans(SpringJamUtils.java:213)
	at com.intellij.spring.model.jam.utils.SpringJamUtils.getAllStereotypeJavaBeans(SpringJamUtils.java:70)
	at com.intellij.spring.model.jam.utils.SpringJamUtils.getAllStereotypeJavaBeans(SpringJamUtils.java:58)
	at com.intellij.spring.model.SpringUtils.findBean(SpringUtils.java:962)
	at com.intellij.spring.SpringFindUsagesHandlerFactory.canFindUsages(SpringFindUsagesHandlerFactory.java:34)
	at com.intellij.find.findUsages.FindUsagesManager.canFindUsages(FindUsagesManager.java:143)
	at com.intellij.find.impl.FindManagerImpl.canFindUsages(FindManagerImpl.java:650)
	at com.intellij.find.findUsages.DefaultUsageTargetProvider.getTargets(DefaultUsageTargetProvider.java:34)
	at com.intellij.usages.UsageTargetUtil.findUsageTargets(UsageTargetUtil.java:64)
	at com.intellij.usages.UsageTargetUtil.findUsageTargets(UsageTargetUtil.java:45)
	at com.intellij.ide.impl.dataRules.UsageTargetsRule.getData(UsageTargetsRule.java:29)
	at com.intellij.ide.impl.DataManagerImpl.a(DataManagerImpl.java:93)
	at com.intellij.ide.impl.DataManagerImpl.a(DataManagerImpl.java:72)
	at com.intellij.ide.impl.DataManagerImpl.access$100(DataManagerImpl.java:49)
	at com.intellij.ide.impl.DataManagerImpl$MyDataContext.getData(DataManagerImpl.java:348)
	at com.intellij.openapi.actionSystem.AnActionEvent$1.getData(AnActionEvent.java:108)
	at com.intellij.openapi.actionSystem.DataKey.getData(DataKey.java:75)
	at com.intellij.find.actions.FindUsagesInFileAction.a(FindUsagesInFileAction.java:79)
	at com.intellij.find.actions.FindUsagesInFileAction.updateFindUsagesAction(FindUsagesInFileAction.java:92)
	at com.intellij.find.actions.FindUsagesAction.update(FindUsagesAction.java:66)
	at com.intellij.openapi.actionSystem.ex.ActionUtil.performDumbAwareUpdate(ActionUtil.java:98)
	at com.intellij.openapi.actionSystem.impl.Utils.a(Utils.java:162)
	at com.intellij.openapi.actionSystem.impl.Utils.expandActionGroup(Utils.java:124)
	at com.intellij.openapi.actionSystem.impl.Utils.expandActionGroup(Utils.java:84)
	at com.intellij.openapi.actionSystem.impl.Utils.fillMenu(Utils.java:234)
	at com.intellij.openapi.actionSystem.impl.ActionPopupMenuImpl$MyMenu.show(ActionPopupMenuImpl.java:87)
	at com.intellij.ide.ui.customization.CustomizationUtil$3.invokePopup(CustomizationUtil.java:316)
	at com.intellij.ui.PopupHandler.mousePressed(PopupHandler.java:48)
	at java.awt.AWTEventMulticaster.mousePressed(AWTEventMulticaster.java:263)
	at java.awt.AWTEventMulticaster.mousePressed(AWTEventMulticaster.java:262)
	at java.awt.Component.processMouseEvent(Component.java:6285)
	at javax.swing.JComponent.processMouseEvent(JComponent.java:3267)
	at com.intellij.ui.treeStructure.Tree.processMouseEvent(Tree.java:293)
	at com.intellij.ide.dnd.aware.DnDAwareTree.processMouseEvent(DnDAwareTree.java:49)
	at java.awt.Component.processEvent(Component.java:6053)
	at java.awt.Container.processEvent(Container.java:2041)
	at java.awt.Component.dispatchEventImpl(Component.java:4651)
	at java.awt.Container.dispatchEventImpl(Container.java:2099)
	at java.awt.Component.dispatchEvent(Component.java:4481)
	at java.awt.LightweightDispatcher.retargetMouseEvent(Container.java:4577)
	at java.awt.LightweightDispatcher.processMouseEvent(Container.java:4235)
	at java.awt.LightweightDispatcher.dispatchEvent(Container.java:4168)
	at java.awt.Container.dispatchEventImpl(Container.java:2085)
	at java.awt.Window.dispatchEventImpl(Window.java:2478)
	at java.awt.Component.dispatchEvent(Component.java:4481)
	at java.awt.EventQueue.dispatchEventImpl(EventQueue.java:643)
	at java.awt.EventQueue.access$000(EventQueue.java:84)
	at java.awt.EventQueue$1.run(EventQueue.java:602)
	at java.awt.EventQueue$1.run(EventQueue.java:600)
	at java.security.AccessController.doPrivileged(Native Method)
	at java.security.AccessControlContext$1.doIntersectionPrivilege(AccessControlContext.java:87)
	at java.security.AccessControlContext$1.doIntersectionPrivilege(AccessControlContext.java:98)
	at java.awt.EventQueue$2.run(EventQueue.java:616)
	at java.awt.EventQueue$2.run(EventQueue.java:614)
	at java.security.AccessController.doPrivileged(Native Method)
	at java.security.AccessControlContext$1.doIntersectionPrivilege(AccessControlContext.java:87)
	at java.awt.EventQueue.dispatchEvent(EventQueue.java:613)
	at com.intellij.ide.IdeEventQueue.e(IdeEventQueue.java:662)
	at com.intellij.ide.IdeEventQueue._dispatchEvent(IdeEventQueue.java:511)
	at com.intellij.ide.IdeEventQueue.b(IdeEventQueue.java:411)
	at com.intellij.ide.IdeEventQueue.dispatchEvent(IdeEventQueue.java:369)
	at java.awt.EventDispatchThread.pumpOneEventForFilters(EventDispatchThread.java:269)
	at java.awt.EventDispatchThread.pumpEventsForFilter(EventDispatchThread.java:184)
	at java.awt.EventDispatchThread.pumpEventsForHierarchy(EventDispatchThread.java:174)
	at java.awt.EventDispatchThread.pumpEvents(EventDispatchThread.java:169)
	at java.awt.EventDispatchThread.pumpEvents(EventDispatchThread.java:161)
	at java.awt.EventDispatchThread.run(EventDispatchThread.java:122)
[ 426855]  ERROR - ameterUsages.FindUsagesManager - IntelliJ IDEA 10.5.2  Build #IU-107.587 
[ 426855]  ERROR - ameterUsages.FindUsagesManager - JDK: 1.6.0_26 
[ 426855]  ERROR - ameterUsages.FindUsagesManager - VM: Java HotSpot(TM) Server VM 
[ 426856]  ERROR - ameterUsages.FindUsagesManager - Vendor: Sun Microsystems Inc. 
[ 426856]  ERROR - ameterUsages.FindUsagesManager - OS: Linux 
[ 426856]  ERROR - ameterUsages.FindUsagesManager - Last Action: AddFrameworkSupport 
[ 426942]  ERROR - ameterUsages.FindUsagesManager - null 
com.intellij.openapi.project.IndexNotReadyException
	at com.intellij.util.indexing.FileBasedIndex.a(FileBasedIndex.java:771)
	at com.intellij.util.indexing.FileBasedIndex.ensureUpToDate(FileBasedIndex.java:720)
	at com.intellij.psi.stubs.StubIndexImpl.get(StubIndexImpl.java:174)
	at com.intellij.psi.stubs.AbstractStubIndex.get(AbstractStubIndex.java:34)
	at com.intellij.psi.impl.java.stubs.index.JavaAnnotationIndex.get(JavaAnnotationIndex.java:44)
	at com.intellij.psi.impl.search.AnnotatedElementsSearcher.execute(AnnotatedElementsSearcher.java:38)
	at com.intellij.psi.impl.search.AnnotatedElementsSearcher.execute(AnnotatedElementsSearcher.java:22)
	at com.intellij.util.ExecutorsQuery.processResults(ExecutorsQuery.java:42)
	at com.intellij.util.AbstractQuery.forEach(AbstractQuery.java:67)
	at com.intellij.util.InstanceofQuery.forEach(InstanceofQuery.java:54)
	at com.intellij.javaee.model.annotations.AnnotationModelUtil.findAnnotatedElements(AnnotationModelUtil.java:351)
	at com.intellij.jam.JamService.getJamClassElements(JamService.java:119)
	at com.intellij.jam.JamService.getJamClassElements(JamService.java:90)
	at com.intellij.spring.model.jam.SpringJamModel.getComponents(SpringJamModel.java:76)
	at com.intellij.spring.model.jam.SpringJamModel.getAllStereotypeComponents(SpringJamModel.java:44)
	at com.intellij.spring.model.jam.utils.SpringJamUtils.getAllStereotypeComponents(SpringJamUtils.java:395)
	at com.intellij.spring.model.jam.utils.SpringJamUtils.getComponentScannedBeans(SpringJamUtils.java:213)
	at com.intellij.spring.model.jam.utils.SpringJamUtils.getAllStereotypeJavaBeans(SpringJamUtils.java:70)
	at com.intellij.spring.model.jam.utils.SpringJamUtils.getAllStereotypeJavaBeans(SpringJamUtils.java:58)
	at com.intellij.spring.model.SpringUtils.findBean(SpringUtils.java:962)
	at com.intellij.spring.SpringFindUsagesHandlerFactory.canFindUsages(SpringFindUsagesHandlerFactory.java:34)
	at com.intellij.find.findUsages.FindUsagesManager.canFindUsages(FindUsagesManager.java:143)
	at com.intellij.find.impl.FindManagerImpl.canFindUsages(FindManagerImpl.java:650)
	at com.intellij.find.findUsages.DefaultUsageTargetProvider.getTargets(DefaultUsageTargetProvider.java:34)
	at com.intellij.usages.UsageTargetUtil.findUsageTargets(UsageTargetUtil.java:64)
	at com.intellij.usages.UsageTargetUtil.findUsageTargets(UsageTargetUtil.java:45)
	at com.intellij.ide.impl.dataRules.UsageTargetsRule.getData(UsageTargetsRule.java:29)
	at com.intellij.ide.impl.DataManagerImpl.a(DataManagerImpl.java:93)
	at com.intellij.ide.impl.DataManagerImpl.a(DataManagerImpl.java:72)
	at com.intellij.ide.impl.DataManagerImpl.access$100(DataManagerImpl.java:49)
	at com.intellij.ide.impl.DataManagerImpl$MyDataContext.getData(DataManagerImpl.java:348)
	at com.intellij.openapi.actionSystem.AnActionEvent$1.getData(AnActionEvent.java:108)
	at com.intellij.openapi.actionSystem.DataKey.getData(DataKey.java:75)
	at com.intellij.find.actions.FindUsagesInFileAction.a(FindUsagesInFileAction.java:79)
	at com.intellij.find.actions.FindUsagesInFileAction.updateFindUsagesAction(FindUsagesInFileAction.java:92)
	at com.intellij.find.actions.FindUsagesAction.update(FindUsagesAction.java:66)
	at com.intellij.openapi.actionSystem.ex.ActionUtil.performDumbAwareUpdate(ActionUtil.java:98)
	at com.intellij.openapi.actionSystem.impl.Utils.a(Utils.java:162)
	at com.intellij.openapi.actionSystem.impl.Utils.expandActionGroup(Utils.java:124)
	at com.intellij.openapi.actionSystem.impl.Utils.expandActionGroup(Utils.java:84)
	at com.intellij.openapi.actionSystem.impl.Utils.fillMenu(Utils.java:234)
	at com.intellij.openapi.actionSystem.impl.ActionPopupMenuImpl$MyMenu$MyPopupMenuListener.popupMenuWillBecomeVisible(ActionPopupMenuImpl.java:183)
	at javax.swing.JPopupMenu.firePopupMenuWillBecomeVisible(JPopupMenu.java:623)
	at javax.swing.JPopupMenu.setVisible(JPopupMenu.java:730)
	at com.intellij.openapi.actionSystem.impl.ActionPopupMenuImpl$MyMenu.setVisible(ActionPopupMenuImpl.java:160)
	at javax.swing.JPopupMenu.show(JPopupMenu.java:904)
	at com.intellij.openapi.actionSystem.impl.ActionPopupMenuImpl$MyMenu.show(ActionPopupMenuImpl.java:155)
	at com.intellij.ide.ui.customization.CustomizationUtil$3.invokePopup(CustomizationUtil.java:316)
	at com.intellij.ui.PopupHandler.mousePressed(PopupHandler.java:48)
	at java.awt.AWTEventMulticaster.mousePressed(AWTEventMulticaster.java:263)
	at java.awt.AWTEventMulticaster.mousePressed(AWTEventMulticaster.java:262)
	at java.awt.Component.processMouseEvent(Component.java:6285)
	at javax.swing.JComponent.processMouseEvent(JComponent.java:3267)
	at com.intellij.ui.treeStructure.Tree.processMouseEvent(Tree.java:293)
	at com.intellij.ide.dnd.aware.DnDAwareTree.processMouseEvent(DnDAwareTree.java:49)
	at java.awt.Component.processEvent(Component.java:6053)
	at java.awt.Container.processEvent(Container.java:2041)
	at java.awt.Component.dispatchEventImpl(Component.java:4651)
	at java.awt.Container.dispatchEventImpl(Container.java:2099)
	at java.awt.Component.dispatchEvent(Component.java:4481)
	at java.awt.LightweightDispatcher.retargetMouseEvent(Container.java:4577)
	at java.awt.LightweightDispatcher.processMouseEvent(Container.java:4235)
	at java.awt.LightweightDispatcher.dispatchEvent(Container.java:4168)
	at java.awt.Container.dispatchEventImpl(Container.java:2085)
	at java.awt.Window.dispatchEventImpl(Window.java:2478)
	at java.awt.Component.dispatchEvent(Component.java:4481)
	at java.awt.EventQueue.dispatchEventImpl(EventQueue.java:643)
	at java.awt.EventQueue.access$000(EventQueue.java:84)
	at java.awt.EventQueue$1.run(EventQueue.java:602)
	at java.awt.EventQueue$1.run(EventQueue.java:600)
	at java.security.AccessController.doPrivileged(Native Method)
	at java.security.AccessControlContext$1.doIntersectionPrivilege(AccessControlContext.java:87)
	at java.security.AccessControlContext$1.doIntersectionPrivilege(AccessControlContext.java:98)
	at java.awt.EventQueue$2.run(EventQueue.java:616)
	at java.awt.EventQueue$2.run(EventQueue.java:614)
	at java.security.AccessController.doPrivileged(Native Method)
	at java.security.AccessControlContext$1.doIntersectionPrivilege(AccessControlContext.java:87)
	at java.awt.EventQueue.dispatchEvent(EventQueue.java:613)
	at com.intellij.ide.IdeEventQueue.e(IdeEventQueue.java:662)
	at com.intellij.ide.IdeEventQueue._dispatchEvent(IdeEventQueue.java:511)
	at com.intellij.ide.IdeEventQueue.b(IdeEventQueue.java:411)
	at com.intellij.ide.IdeEventQueue.dispatchEvent(IdeEventQueue.java:369)
	at java.awt.EventDispatchThread.pumpOneEventForFilters(EventDispatchThread.java:269)
	at java.awt.EventDispatchThread.pumpEventsForFilter(EventDispatchThread.java:184)
	at java.awt.EventDispatchThread.pumpEventsForHierarchy(EventDispatchThread.java:174)
	at java.awt.EventDispatchThread.pumpEvents(EventDispatchThread.java:169)
	at java.awt.EventDispatchThread.pumpEvents(EventDispatchThread.java:161)
	at java.awt.EventDispatchThread.run(EventDispatchThread.java:122)
[ 426943]  ERROR - ameterUsages.FindUsagesManager - IntelliJ IDEA 10.5.2  Build #IU-107.587 
[ 426944]  ERROR - ameterUsages.FindUsagesManager - JDK: 1.6.0_26 
[ 426944]  ERROR - ameterUsages.FindUsagesManager - VM: Java HotSpot(TM) Server VM 
[ 426944]  ERROR - ameterUsages.FindUsagesManager - Vendor: Sun Microsystems Inc. 
[ 426944]  ERROR - ameterUsages.FindUsagesManager - OS: Linux 
[ 426944]  ERROR - ameterUsages.FindUsagesManager - Last Action: AddFrameworkSupport 
